#
# A fatal error has been detected by the Java Runtime Environment:
#
#  EXCEPTION_ACCESS_VIOLATION (0xc0000005) at pc=0x6d8f5ddc, pid=2356, tid=3352
#
# JRE version: 6.0_15-b03
# Java VM: Java HotSpot(TM) Client VM (14.1-b02 mixed mode windows-x86 )
# Problematic frame:
# V  [jvm.dll+0xf5ddc]
#
# If you would like to submit a bug report, please visit:
#   http://java.sun.com/webapps/bugreport/crash.jsp
#

---------------  T H R E A D  ---------------

Current thread (0x6bae1000):  JavaThread "Java2D Disposer" daemon [_thread_in_vm, id=3352, stack(0x6c020000,0x6c070000)]

siginfo: ExceptionCode=0xc0000005, reading address 0x00000000

Registers:
EAX=0x6bae1500, EBX=0x00000000, ECX=0x00000000, EDX=0x6c06f858
ESP=0x6c06f848, EBP=0x6c06f924, ESI=0x6badfe68, EDI=0x6bae1000
EIP=0x6d8f5ddc, EFLAGS=0x00010203

Top of Stack: (sp=0x6c06f848)
0x6c06f848:   6bae1000 6bae1110 6bae4e4c 6d8ed02d
0x6c06f858:   6bae1500 6c06f998 6c06f878 6c06f890
0x6c06f868:   6bae1000 6c06f958 6d8f5bf5 6c06f998
0x6c06f878:   6bae1500 6c06f890 6bae1000 6bafab44
0x6c06f888:   6bae1000 6bae1110 6bae1500 00000000
0x6c06f898:   6dab3218 6bae1000 655bf738 6bae1500
0x6c06f8a8:   00000000 00000004 000014dd 0000002a
0x6c06f8b8:   00395348 6d8a0112 000014dd 6bae14fc 

Instructions: (pc=0x6d8f5ddc)
0x6d8f5dcc:   01 8b 4d b0 8b 55 a4 8b 45 f4 89 04 8a ff 45 b0
0x6d8f5ddc:   8b 03 8b 48 08 0f b7 51 26 8b 40 0c 8b 4c 90 20 


Stack: [0x6c020000,0x6c070000],  sp=0x6c06f848,  free space=318k
Native frames: (J=compiled Java code, j=interpreted, Vv=VM code, C=native code)
V  [jvm.dll+0xf5ddc]
V  [jvm.dll+0xf8c37]
C  [awt.dll+0x6c63c]
j  java.awt.Cursor.finalizeImpl(J)V+0
j  java.awt.Cursor.access$000(J)V+1
j  java.awt.Cursor$CursorDisposer.dispose()V+13
j  sun.java2d.Disposer.run()V+26
j  java.lang.Thread.run()V+11
v  ~StubRoutines::call_stub
V  [jvm.dll+0xecfac]
V  [jvm.dll+0x1741d1]
V  [jvm.dll+0xed177]
V  [jvm.dll+0xed1ed]
V  [jvm.dll+0x1162a0]
V  [jvm.dll+0x1d03a4]
V  [jvm.dll+0x173e4c]
C  [msvcr71.dll+0x9565]
C  [kernel32.dll+0x1fe37]

Java frames: (J=compiled Java code, j=interpreted, Vv=VM code)
j  java.awt.Cursor.finalizeImpl(J)V+0
j  java.awt.Cursor.access$000(J)V+1
j  java.awt.Cursor$CursorDisposer.dispose()V+13
j  sun.java2d.Disposer.run()V+26
j  java.lang.Thread.run()V+11
v  ~StubRoutines::call_stub

---------------  P R O C E S S  ---------------

Java Threads: ( => current thread )
  0x6bc3c400 JavaThread "Thread-1" daemon [_thread_in_native, id=2116, stack(0x6cea0000,0x6cef0000)]
  0x6bb6c000 JavaThread "AWT-EventQueue-0" [_thread_blocked, id=1796, stack(0x6c2b0000,0x6c300000)]
  0x6bbadc00 JavaThread "TimerQueue" daemon [_thread_blocked, id=1996, stack(0x6c8d0000,0x6c920000)]
  0x00396800 JavaThread "DestroyJavaVM" [_thread_blocked, id=2376, stack(0x003a0000,0x003f0000)]
  0x6bae2000 JavaThread "AWT-Shutdown" [_thread_blocked, id=2344, stack(0x6c0b0000,0x6c100000)]
=>0x6bae1000 JavaThread "Java2D Disposer" daemon [_thread_in_vm, id=3352, stack(0x6c020000,0x6c070000)]
  0x6aef0400 JavaThread "Low Memory Detector" daemon [_thread_blocked, id=2884, stack(0x6b9b0000,0x6ba00000)]
  0x6aeea800 JavaThread "CompilerThread0" daemon [_thread_blocked, id=3952, stack(0x6b920000,0x6b970000)]
  0x6aee9000 JavaThread "Attach Listener" daemon [_thread_blocked, id=3152, stack(0x6b200000,0x6b250000)]
  0x6aee7c00 JavaThread "Signal Dispatcher" daemon [_thread_blocked, id=2036, stack(0x6b170000,0x6b1c0000)]
  0x6aed7c00 JavaThread "Finalizer" daemon [_thread_blocked, id=3156, stack(0x6b0e0000,0x6b130000)]
  0x6aed3000 JavaThread "Reference Handler" daemon [_thread_blocked, id=3080, stack(0x6b050000,0x6b0a0000)]

Other Threads:
  0x6aed0000 VMThread [stack: 0x6af60000,0x6afb0000] [id=1224]
  0x6aef2c00 WatcherThread [stack: 0x6ba40000,0x6ba90000] [id=2412]

VM state:not at safepoint (normal execution)

VM Mutex/Monitor currently owned by a thread: None

Heap
 def new generation   total 960K, used 65K [0x03c30000, 0x03d30000, 0x0b400000)
  eden space 896K,   3% used [0x03c30000, 0x03c37ce0, 0x03d10000)
  from space 64K,  54% used [0x03d20000, 0x03d28af0, 0x03d30000)
  to   space 64K,   0% used [0x03d10000, 0x03d10000, 0x03d20000)
 tenured generation   total 4096K, used 869K [0x0b400000, 0x0b800000, 0x65230000)
   the space 4096K,  21% used [0x0b400000, 0x0b4d94e0, 0x0b4d9600, 0x0b800000)
 compacting perm gen  total 12288K, used 8266K [0x65230000, 0x65e30000, 0x69230000)
   the space 12288K,  67% used [0x65230000, 0x65a42b50, 0x65a42c00, 0x65e30000)
No shared spaces configured.

Dynamic libraries:
0x00400000 - 0x00424000 	C:\Program Files (x86)\Java\jre6\bin\javaw.exe
0x7d600000 - 0x7d6f0000 	C:\WINDOWS\system32\ntdll.dll
0x7d4c0000 - 0x7d5f0000 	C:\WINDOWS\syswow64\kernel32.dll
0x7d1e0000 - 0x7d27c000 	C:\WINDOWS\syswow64\ADVAPI32.dll
0x7da20000 - 0x7db00000 	C:\WINDOWS\syswow64\RPCRT4.dll
0x7d8d0000 - 0x7d920000 	C:\WINDOWS\syswow64\Secur32.dll
0x7d930000 - 0x7da00000 	C:\WINDOWS\syswow64\USER32.dll
0x7d800000 - 0x7d890000 	C:\WINDOWS\syswow64\GDI32.dll
0x7dee0000 - 0x7df40000 	C:\WINDOWS\system32\IMM32.DLL
0x7c340000 - 0x7c396000 	C:\Program Files (x86)\Java\jre6\bin\msvcr71.dll
0x6d800000 - 0x6da8b000 	C:\Program Files (x86)\Java\jre6\bin\client\jvm.dll
0x76aa0000 - 0x76acd000 	C:\WINDOWS\system32\WINMM.dll
0x6d7b0000 - 0x6d7bc000 	C:\Program Files (x86)\Java\jre6\bin\verify.dll
0x6d330000 - 0x6d34f000 	C:\Program Files (x86)\Java\jre6\bin\java.dll
0x6d290000 - 0x6d298000 	C:\Program Files (x86)\Java\jre6\bin\hpi.dll
0x76b70000 - 0x76b7b000 	C:\WINDOWS\system32\PSAPI.DLL
0x6d7f0000 - 0x6d7ff000 	C:\Program Files (x86)\Java\jre6\bin\zip.dll
0x6d000000 - 0x6d14a000 	C:\Program Files (x86)\Java\jre6\bin\awt.dll
0x73070000 - 0x73097000 	C:\WINDOWS\system32\WINSPOOL.DRV
0x77ba0000 - 0x77bfa000 	C:\WINDOWS\syswow64\msvcrt.dll
0x77670000 - 0x777a9000 	C:\WINDOWS\syswow64\ole32.dll
0x7dbd0000 - 0x7dcd3000 	C:\WINDOWS\WinSxS\WOW64_Microsoft.Windows.Common-Controls_6595b64144ccf1df_6.0.3790.3959_x-ww_5FA17F4E\comctl32.dll
0x6bf60000 - 0x6bfb2000 	C:\WINDOWS\syswow64\SHLWAPI.dll
0x7df50000 - 0x7dfc0000 	C:\WINDOWS\system32\uxtheme.dll
0x6c1d0000 - 0x6c220000 	C:\WINDOWS\SysWOW64\MSCTF.dll
0x75e60000 - 0x75e87000 	C:\WINDOWS\system32\apphelp.dll
0x6c260000 - 0x6c28e000 	C:\WINDOWS\system32\msctfime.ime
0x6d230000 - 0x6d284000 	C:\Program Files (x86)\Java\jre6\bin\fontmanager.dll
0x7c8d0000 - 0x7d0cf000 	C:\WINDOWS\syswow64\shell32.dll
0x6d610000 - 0x6d623000 	C:\Program Files (x86)\Java\jre6\bin\net.dll
0x71c00000 - 0x71c17000 	C:\WINDOWS\system32\WS2_32.dll
0x71bf0000 - 0x71bf8000 	C:\WINDOWS\system32\WS2HELP.dll
0x6d630000 - 0x6d639000 	C:\Program Files (x86)\Java\jre6\bin\nio.dll
0x6cad0000 - 0x6cb5b000 	C:\WINDOWS\syswow64\OLEAUT32.DLL

VM Arguments:
jvm_args: -Xmx1558m -Dfile.encoding=Cp1252 
java_command: yu.einstein.gdp2.gui.mainFrame.MainFrame
Launcher Type: SUN_STANDARD

Environment Variables:
CLASSPATH=.;C:\Program Files (x86)\Java\jre6\lib\ext\QTJava.zip
PATH=C:/Program Files (x86)/Java/jre6/bin/client;C:/Program Files (x86)/Java/jre6/bin;C:\Program Files (x86)\Common Files\Affymetrix\AffyShared;C:\PROGRAM FILES (X86)\AFFYMETRIX\GENECHIP;C:\WINDOWS\SYSTEM32;C:\WINDOWS;C:\WINDOWS\SYSTEM32\WBEM;C:\Program Files (x86)\QuickTime\QTSystem\
USERNAME=Administrator
OS=Windows_NT
PROCESSOR_IDENTIFIER=EM64T Family 6 Model 23 Stepping 6, GenuineIntel



---------------  S Y S T E M  ---------------

OS: Windows Server 2003 family Build 3790 Service Pack 2

CPU:total 2 (2 cores per cpu, 1 threads per core) family 6 model 23 stepping 6, cmov, cx8, fxsr, mmx, sse, sse2, sse3, ssse3, sse4.1

Memory: 4k page, physical 4126028k(2508444k free), swap 4194303k(4194303k free)

vm_info: Java HotSpot(TM) Client VM (14.1-b02) for windows-x86 JRE (1.6.0_15-b03), built on Jul 25 2009 01:22:46 by "java_re" with MS VC++ 7.1

time: Mon Nov 30 16:34:55 2009
elapsed time: 10 seconds

