#
# A fatal error has been detected by the Java Runtime Environment:
#
#  EXCEPTION_ACCESS_VIOLATION (0xc0000005) at pc=0x6d8f5ddc, pid=3656, tid=4092
#
# JRE version: 6.0_15-b03
# Java VM: Java HotSpot(TM) Client VM (14.1-b02 mixed mode windows-x86 )
# Problematic frame:
# V  [jvm.dll+0xf5ddc]
#
# If you would like to submit a bug report, please visit:
#   http://java.sun.com/webapps/bugreport/crash.jsp
#

---------------  T H R E A D  ---------------

Current thread (0x6b5c9000):  JavaThread "Java2D Disposer" daemon [_thread_in_vm, id=4092, stack(0x6b820000,0x6b870000)]

siginfo: ExceptionCode=0xc0000005, reading address 0x00000000

Registers:
EAX=0x6b5c98f0, EBX=0x00000000, ECX=0x00000000, EDX=0x6b86fa58
ESP=0x6b86fa48, EBP=0x6b86fb24, ESI=0x6b5c7e58, EDI=0x6b5c9000
EIP=0x6d8f5ddc, EFLAGS=0x00010203

Top of Stack: (sp=0x6b86fa48)
0x6b86fa48:   6b5c9000 6b5c9110 6b5ccfac 6b5c98ec
0x6b86fa58:   6b5c98f0 6b86fb98 6b86fa78 6b86fa90
0x6b86fa68:   6b5c9000 6b86fb58 6d8f5bf5 6b86fb98
0x6b86fa78:   6b5c98f0 6b86fa90 6b5c9000 6b5c9000
0x6b86fa88:   0b38ffe8 6ace707e 6b5c98f0 00000000
0x6b86fa98:   6ad4c110 6b5c9000 64dc00d8 6ace707e
0x6b86faa8:   6ace708c 6b5c9000 0b38ffe8 6ace707e
0x6b86fab8:   64a5ad30 0b3801e8 6ace707e 64a5ad30 

Instructions: (pc=0x6d8f5ddc)
0x6d8f5dcc:   01 8b 4d b0 8b 55 a4 8b 45 f4 89 04 8a ff 45 b0
0x6d8f5ddc:   8b 03 8b 48 08 0f b7 51 26 8b 40 0c 8b 4c 90 20 


Stack: [0x6b820000,0x6b870000],  sp=0x6b86fa48,  free space=318k
Native frames: (J=compiled Java code, j=interpreted, Vv=VM code, C=native code)
V  [jvm.dll+0xf5ddc]
V  [jvm.dll+0xf8c37]
C  [awt.dll+0x6c63c]
j  java.awt.Cursor.finalizeImpl(J)V+0
j  java.awt.Cursor.access$000(J)V+1
j  java.awt.Cursor$CursorDisposer.dispose()V+13
j  sun.java2d.Disposer.run()V+26
j  java.lang.Thread.run()V+11
v  ~StubRoutines::call_stub
V  [jvm.dll+0xecfac]
V  [jvm.dll+0x1741d1]
V  [jvm.dll+0xed177]
V  [jvm.dll+0xed1ed]
V  [jvm.dll+0x1162a0]
V  [jvm.dll+0x1d03a4]
V  [jvm.dll+0x173e4c]
C  [msvcr71.dll+0x9565]
C  [kernel32.dll+0x1fe37]

Java frames: (J=compiled Java code, j=interpreted, Vv=VM code)
j  java.awt.Cursor.finalizeImpl(J)V+0
j  java.awt.Cursor.access$000(J)V+1
j  java.awt.Cursor$CursorDisposer.dispose()V+13
j  sun.java2d.Disposer.run()V+26
j  java.lang.Thread.run()V+11
v  ~StubRoutines::call_stub

---------------  P R O C E S S  ---------------

Java Threads: ( => current thread )
  0x6b635400 JavaThread "Thread-1" daemon [_thread_in_native, id=2244, stack(0x6da90000,0x6dae0000)]
  0x6b7bb800 JavaThread "TimerQueue" daemon [_thread_blocked, id=3832, stack(0x6c0d0000,0x6c120000)]
  0x00396800 JavaThread "DestroyJavaVM" [_thread_blocked, id=1124, stack(0x003a0000,0x003f0000)]
  0x6b5ce400 JavaThread "AWT-EventQueue-0" [_thread_blocked, id=2688, stack(0x6ba90000,0x6bae0000)]
  0x6b5ca800 JavaThread "AWT-Shutdown" [_thread_blocked, id=3416, stack(0x6b8b0000,0x6b900000)]
=>0x6b5c9000 JavaThread "Java2D Disposer" daemon [_thread_in_vm, id=4092, stack(0x6b820000,0x6b870000)]
  0x6ad00400 JavaThread "Low Memory Detector" daemon [_thread_blocked, id=3356, stack(0x6b120000,0x6b170000)]
  0x6acfa800 JavaThread "CompilerThread0" daemon [_thread_blocked, id=2108, stack(0x6b090000,0x6b0e0000)]
  0x6acf9000 JavaThread "Attach Listener" daemon [_thread_blocked, id=3436, stack(0x6afb0000,0x6b000000)]
  0x6acf7c00 JavaThread "Signal Dispatcher" daemon [_thread_blocked, id=3328, stack(0x6af20000,0x6af70000)]
  0x6ace7c00 JavaThread "Finalizer" daemon [_thread_blocked, id=3644, stack(0x6ae90000,0x6aee0000)]
  0x6ace3000 JavaThread "Reference Handler" daemon [_thread_blocked, id=3260, stack(0x6ae00000,0x6ae50000)]

Other Threads:
  0x6ace0000 VMThread [stack: 0x6ad70000,0x6adc0000] [id=2912]
  0x6ad02c00 WatcherThread [stack: 0x6b1b0000,0x6b200000] [id=3784]

VM state:not at safepoint (normal execution)

VM Mutex/Monitor currently owned by a thread: None

Heap
 def new generation   total 7232K, used 444K [0x03c30000, 0x04400000, 0x0b360000)
  eden space 6464K,   1% used [0x03c30000, 0x03c45a18, 0x04280000)
  from space 768K,  46% used [0x04340000, 0x04399678, 0x04400000)
  to   space 768K,   0% used [0x04280000, 0x04280000, 0x04340000)
 tenured generation   total 95392K, used 65182K [0x0b360000, 0x11088000, 0x64a30000)
   the space 95392K,  68% used [0x0b360000, 0x0f307b08, 0x0f307c00, 0x11088000)
 compacting perm gen  total 12288K, used 11634K [0x64a30000, 0x65630000, 0x68a30000)
   the space 12288K,  94% used [0x64a30000, 0x6558c8f0, 0x6558ca00, 0x65630000)
No shared spaces configured.

Dynamic libraries:
0x00400000 - 0x00424000 	C:\Program Files (x86)\Java\jre6\bin\javaw.exe
0x7d600000 - 0x7d6f0000 	C:\WINDOWS\system32\ntdll.dll
0x7d4c0000 - 0x7d5f0000 	C:\WINDOWS\syswow64\kernel32.dll
0x7d1e0000 - 0x7d27c000 	C:\WINDOWS\syswow64\ADVAPI32.dll
0x7da20000 - 0x7db00000 	C:\WINDOWS\syswow64\RPCRT4.dll
0x7d8d0000 - 0x7d920000 	C:\WINDOWS\syswow64\Secur32.dll
0x7d930000 - 0x7da00000 	C:\WINDOWS\syswow64\USER32.dll
0x7d800000 - 0x7d890000 	C:\WINDOWS\syswow64\GDI32.dll
0x7dee0000 - 0x7df40000 	C:\WINDOWS\system32\IMM32.DLL
0x7c340000 - 0x7c396000 	C:\Program Files (x86)\Java\jre6\bin\msvcr71.dll
0x6d800000 - 0x6da8b000 	C:\Program Files (x86)\Java\jre6\bin\client\jvm.dll
0x76aa0000 - 0x76acd000 	C:\WINDOWS\system32\WINMM.dll
0x6d7b0000 - 0x6d7bc000 	C:\Program Files (x86)\Java\jre6\bin\verify.dll
0x6d330000 - 0x6d34f000 	C:\Program Files (x86)\Java\jre6\bin\java.dll
0x6d290000 - 0x6d298000 	C:\Program Files (x86)\Java\jre6\bin\hpi.dll
0x76b70000 - 0x76b7b000 	C:\WINDOWS\system32\PSAPI.DLL
0x6d7f0000 - 0x6d7ff000 	C:\Program Files (x86)\Java\jre6\bin\zip.dll
0x6d000000 - 0x6d14a000 	C:\Program Files (x86)\Java\jre6\bin\awt.dll
0x73070000 - 0x73097000 	C:\WINDOWS\system32\WINSPOOL.DRV
0x77ba0000 - 0x77bfa000 	C:\WINDOWS\syswow64\msvcrt.dll
0x77670000 - 0x777a9000 	C:\WINDOWS\syswow64\ole32.dll
0x7dbd0000 - 0x7dcd3000 	C:\WINDOWS\WinSxS\WOW64_Microsoft.Windows.Common-Controls_6595b64144ccf1df_6.0.3790.3959_x-ww_5FA17F4E\comctl32.dll
0x6b560000 - 0x6b5b2000 	C:\WINDOWS\syswow64\SHLWAPI.dll
0x7df50000 - 0x7dfc0000 	C:\WINDOWS\system32\uxtheme.dll
0x6b9d0000 - 0x6ba20000 	C:\WINDOWS\SysWOW64\MSCTF.dll
0x75e60000 - 0x75e87000 	C:\WINDOWS\system32\apphelp.dll
0x6ba60000 - 0x6ba8e000 	C:\WINDOWS\system32\msctfime.ime
0x6d230000 - 0x6d284000 	C:\Program Files (x86)\Java\jre6\bin\fontmanager.dll
0x77b90000 - 0x77b98000 	C:\WINDOWS\syswow64\VERSION.dll
0x7c8d0000 - 0x7d0cf000 	C:\WINDOWS\syswow64\shell32.dll
0x6d610000 - 0x6d623000 	C:\Program Files (x86)\Java\jre6\bin\net.dll
0x71c00000 - 0x71c17000 	C:\WINDOWS\system32\WS2_32.dll
0x71bf0000 - 0x71bf8000 	C:\WINDOWS\system32\WS2HELP.dll
0x6d630000 - 0x6d639000 	C:\Program Files (x86)\Java\jre6\bin\nio.dll
0x6c210000 - 0x6c29b000 	C:\WINDOWS\syswow64\OLEAUT32.DLL
0x6d1a0000 - 0x6d1c3000 	C:\Program Files (x86)\Java\jre6\bin\dcpr.dll
0x770e0000 - 0x771e8000 	C:\WINDOWS\system32\SETUPAPI.dll
0x6cb20000 - 0x6cde5000 	C:\WINDOWS\system32\xpsp2res.dll
0x777b0000 - 0x77833000 	C:\WINDOWS\system32\CLBCatQ.DLL
0x77010000 - 0x770d6000 	C:\WINDOWS\system32\COMRes.dll
0x71c40000 - 0x71c97000 	C:\WINDOWS\system32\netapi32.dll
0x71bd0000 - 0x71be1000 	C:\WINDOWS\syswow64\MPR.dll
0x75e90000 - 0x75e97000 	C:\WINDOWS\System32\drprov.dll
0x6c4f0000 - 0x6c4fe000 	C:\WINDOWS\System32\ntlanman.dll
0x6ce50000 - 0x6ce66000 	C:\WINDOWS\System32\NETUI0.dll
0x6ce70000 - 0x6cea1000 	C:\WINDOWS\System32\NETUI1.dll
0x7e020000 - 0x7e02f000 	C:\WINDOWS\System32\SAMLIB.dll
0x75ea0000 - 0x75eaa000 	C:\WINDOWS\System32\davclnt.dll
0x75840000 - 0x7596c000 	C:\WINDOWS\system32\MSGINA.dll
0x76920000 - 0x769e2000 	C:\WINDOWS\system32\USERENV.dll
0x771f0000 - 0x77201000 	C:\WINDOWS\system32\WINSTA.dll
0x76bb0000 - 0x76bdb000 	C:\WINDOWS\system32\WINTRUST.dll
0x761b0000 - 0x76243000 	C:\WINDOWS\system32\CRYPT32.dll
0x76190000 - 0x761a2000 	C:\WINDOWS\system32\MSASN1.dll
0x76c10000 - 0x76c38000 	C:\WINDOWS\syswow64\imagehlp.dll
0x768e0000 - 0x768e8000 	C:\WINDOWS\system32\LINKINFO.dll
0x768f0000 - 0x76915000 	C:\WINDOWS\system32\ntshrui.dll

VM Arguments:
jvm_args: -Xmx1550m -Dfile.encoding=Cp1252 
java_command: yu.einstein.gdp2.gui.mainFrame.MainFrame
Launcher Type: SUN_STANDARD

Environment Variables:
CLASSPATH=.;C:\Program Files (x86)\Java\jre6\lib\ext\QTJava.zip
PATH=C:/Program Files (x86)/Java/jre6/bin/client;C:/Program Files (x86)/Java/jre6/bin;C:\Program Files (x86)\Common Files\Affymetrix\AffyShared;C:\PROGRAM FILES (X86)\AFFYMETRIX\GENECHIP;C:\WINDOWS\SYSTEM32;C:\WINDOWS;C:\WINDOWS\SYSTEM32\WBEM;C:\Program Files (x86)\QuickTime\QTSystem\
USERNAME=Administrator
OS=Windows_NT
PROCESSOR_IDENTIFIER=EM64T Family 6 Model 23 Stepping 6, GenuineIntel



---------------  S Y S T E M  ---------------

OS: Windows Server 2003 family Build 3790 Service Pack 2

CPU:total 2 (2 cores per cpu, 1 threads per core) family 6 model 23 stepping 6, cmov, cx8, fxsr, mmx, sse, sse2, sse3, ssse3, sse4.1

Memory: 4k page, physical 4126028k(2721756k free), swap 4194303k(4194303k free)

vm_info: Java HotSpot(TM) Client VM (14.1-b02) for windows-x86 JRE (1.6.0_15-b03), built on Jul 25 2009 01:22:46 by "java_re" with MS VC++ 7.1

time: Fri Jan 15 13:08:07 2010
elapsed time: 72 seconds

